1651831135.091930 client started (9252): version 3.2a, socket /tmp/tmux-1000/default, protocol 8
1651831135.091940 on Linux 5.15.0-27-generic #28-Ubuntu SMP Thu Apr 14 04:55:28 UTC 2022
1651831135.091943 using libevent 2.1.12-stable (poll); ncurses 6.3
1651831135.091950 flags are 0x10010000
1651831135.091952 socket is /tmp/tmux-1000/default
1651831135.091958 trying connect
1651831135.091988 add peer 0x56264d9a5950: 6 ((nil))
1651831135.092129 sending message 100 to peer 0x56264d9a5950 (4 bytes)
1651831135.092133 sending message 111 to peer 0x56264d9a5950 (8 bytes)
1651831135.092135 sending message 101 to peer 0x56264d9a5950 (14 bytes)
1651831135.092137 sending message 109 to peer 0x56264d9a5950 (4 bytes)
1651831135.092139 sending message 102 to peer 0x56264d9a5950 (11 bytes)
1651831135.092140 sending message 108 to peer 0x56264d9a5950 (31 bytes)
1651831135.092142 sending message 112 to peer 0x56264d9a5950 (70 bytes)
1651831135.092144 sending message 112 to peer 0x56264d9a5950 (5 bytes)
1651831135.092146 sending message 112 to peer 0x56264d9a5950 (5 bytes)
1651831135.092148 sending message 112 to peer 0x56264d9a5950 (6 bytes)
1651831135.092149 sending message 112 to peer 0x56264d9a5950 (6 bytes)
1651831135.092151 sending message 112 to peer 0x56264d9a5950 (11 bytes)
1651831135.092153 sending message 112 to peer 0x56264d9a5950 (10 bytes)
1651831135.092154 sending message 112 to peer 0x56264d9a5950 (13 bytes)
1651831135.092156 sending message 112 to peer 0x56264d9a5950 (13 bytes)
1651831135.092158 sending message 112 to peer 0x56264d9a5950 (18 bytes)
1651831135.092159 sending message 112 to peer 0x56264d9a5950 (11 bytes)
1651831135.092161 sending message 112 to peer 0x56264d9a5950 (10 bytes)
1651831135.092163 sending message 112 to peer 0x56264d9a5950 (15 bytes)
1651831135.092165 sending message 112 to peer 0x56264d9a5950 (21 bytes)
1651831135.092166 sending message 112 to peer 0x56264d9a5950 (13 bytes)
1651831135.092168 sending message 112 to peer 0x56264d9a5950 (7 bytes)
1651831135.092170 sending message 112 to peer 0x56264d9a5950 (13 bytes)
1651831135.092171 sending message 112 to peer 0x56264d9a5950 (7 bytes)
1651831135.092173 sending message 112 to peer 0x56264d9a5950 (13 bytes)
1651831135.092175 sending message 112 to peer 0x56264d9a5950 (9 bytes)
1651831135.092176 sending message 112 to peer 0x56264d9a5950 (21 bytes)
1651831135.092178 sending message 112 to peer 0x56264d9a5950 (13 bytes)
1651831135.092180 sending message 112 to peer 0x56264d9a5950 (8 bytes)
1651831135.092181 sending message 112 to peer 0x56264d9a5950 (12 bytes)
1651831135.092183 sending message 112 to peer 0x56264d9a5950 (13 bytes)
1651831135.092185 sending message 112 to peer 0x56264d9a5950 (9 bytes)
1651831135.092186 sending message 112 to peer 0x56264d9a5950 (9 bytes)
1651831135.092188 sending message 112 to peer 0x56264d9a5950 (12 bytes)
1651831135.092190 sending message 112 to peer 0x56264d9a5950 (8 bytes)
1651831135.092191 sending message 112 to peer 0x56264d9a5950 (8 bytes)
1651831135.092193 sending message 112 to peer 0x56264d9a5950 (7 bytes)
1651831135.092195 sending message 112 to peer 0x56264d9a5950 (7 bytes)
1651831135.092196 sending message 112 to peer 0x56264d9a5950 (9 bytes)
1651831135.092198 sending message 112 to peer 0x56264d9a5950 (13 bytes)
1651831135.092200 sending message 112 to peer 0x56264d9a5950 (6 bytes)
1651831135.092201 sending message 112 to peer 0x56264d9a5950 (9 bytes)
1651831135.092203 sending message 112 to peer 0x56264d9a5950 (15 bytes)
1651831135.092205 sending message 112 to peer 0x56264d9a5950 (13 bytes)
1651831135.092207 sending message 112 to peer 0x56264d9a5950 (12 bytes)
1651831135.092208 sending message 112 to peer 0x56264d9a5950 (8 bytes)
1651831135.092210 sending message 112 to peer 0x56264d9a5950 (14 bytes)
1651831135.092212 sending message 112 to peer 0x56264d9a5950 (11 bytes)
1651831135.092213 sending message 112 to peer 0x56264d9a5950 (9 bytes)
1651831135.092215 sending message 112 to peer 0x56264d9a5950 (10 bytes)
1651831135.092217 sending message 112 to peer 0x56264d9a5950 (10 bytes)
1651831135.092218 sending message 112 to peer 0x56264d9a5950 (10 bytes)
1651831135.092223 sending message 112 to peer 0x56264d9a5950 (10 bytes)
1651831135.092225 sending message 112 to peer 0x56264d9a5950 (11 bytes)
1651831135.092227 sending message 112 to peer 0x56264d9a5950 (12 bytes)
1651831135.092228 sending message 112 to peer 0x56264d9a5950 (12 bytes)
1651831135.092230 sending message 112 to peer 0x56264d9a5950 (12 bytes)
1651831135.092232 sending message 112 to peer 0x56264d9a5950 (12 bytes)
1651831135.092233 sending message 112 to peer 0x56264d9a5950 (12 bytes)
1651831135.092235 sending message 112 to peer 0x56264d9a5950 (11 bytes)
1651831135.092237 sending message 112 to peer 0x56264d9a5950 (11 bytes)
1651831135.092238 sending message 112 to peer 0x56264d9a5950 (12 bytes)
1651831135.092240 sending message 112 to peer 0x56264d9a5950 (12 bytes)
1651831135.092242 sending message 112 to peer 0x56264d9a5950 (12 bytes)
1651831135.092243 sending message 112 to peer 0x56264d9a5950 (12 bytes)
1651831135.092245 sending message 112 to peer 0x56264d9a5950 (12 bytes)
1651831135.092247 sending message 112 to peer 0x56264d9a5950 (10 bytes)
1651831135.092248 sending message 112 to peer 0x56264d9a5950 (12 bytes)
1651831135.092250 sending message 112 to peer 0x56264d9a5950 (13 bytes)
1651831135.092252 sending message 112 to peer 0x56264d9a5950 (13 bytes)
1651831135.092253 sending message 112 to peer 0x56264d9a5950 (13 bytes)
1651831135.092255 sending message 112 to peer 0x56264d9a5950 (13 bytes)
1651831135.092257 sending message 112 to peer 0x56264d9a5950 (13 bytes)
1651831135.092258 sending message 112 to peer 0x56264d9a5950 (8 bytes)
1651831135.092260 sending message 112 to peer 0x56264d9a5950 (11 bytes)
1651831135.092262 sending message 112 to peer 0x56264d9a5950 (11 bytes)
1651831135.092263 sending message 112 to peer 0x56264d9a5950 (11 bytes)
1651831135.092265 sending message 112 to peer 0x56264d9a5950 (12 bytes)
1651831135.092266 sending message 112 to peer 0x56264d9a5950 (12 bytes)
1651831135.092268 sending message 112 to peer 0x56264d9a5950 (12 bytes)
1651831135.092270 sending message 112 to peer 0x56264d9a5950 (12 bytes)
1651831135.092271 sending message 112 to peer 0x56264d9a5950 (13 bytes)
1651831135.092273 sending message 112 to peer 0x56264d9a5950 (13 bytes)
1651831135.092275 sending message 112 to peer 0x56264d9a5950 (13 bytes)
1651831135.092277 sending message 112 to peer 0x56264d9a5950 (8 bytes)
1651831135.092278 sending message 112 to peer 0x56264d9a5950 (13 bytes)
1651831135.092280 sending message 112 to peer 0x56264d9a5950 (13 bytes)
1651831135.092282 sending message 112 to peer 0x56264d9a5950 (13 bytes)
1651831135.092283 sending message 112 to peer 0x56264d9a5950 (13 bytes)
1651831135.092285 sending message 112 to peer 0x56264d9a5950 (13 bytes)
1651831135.092287 sending message 112 to peer 0x56264d9a5950 (12 bytes)
1651831135.092288 sending message 112 to peer 0x56264d9a5950 (12 bytes)
1651831135.092290 sending message 112 to peer 0x56264d9a5950 (12 bytes)
1651831135.092291 sending message 112 to peer 0x56264d9a5950 (12 bytes)
1651831135.092293 sending message 112 to peer 0x56264d9a5950 (13 bytes)
1651831135.092295 sending message 112 to peer 0x56264d9a5950 (8 bytes)
1651831135.092296 sending message 112 to peer 0x56264d9a5950 (13 bytes)
1651831135.092298 sending message 112 to peer 0x56264d9a5950 (13 bytes)
1651831135.092300 sending message 112 to peer 0x56264d9a5950 (13 bytes)
1651831135.092302 sending message 112 to peer 0x56264d9a5950 (13 bytes)
1651831135.092303 sending message 112 to peer 0x56264d9a5950 (13 bytes)
1651831135.092305 sending message 112 to peer 0x56264d9a5950 (13 bytes)
1651831135.092306 sending message 112 to peer 0x56264d9a5950 (13 bytes)
1651831135.092308 sending message 112 to peer 0x56264d9a5950 (12 bytes)
1651831135.092310 sending message 112 to peer 0x56264d9a5950 (12 bytes)
1651831135.092311 sending message 112 to peer 0x56264d9a5950 (12 bytes)
1651831135.092313 sending message 112 to peer 0x56264d9a5950 (8 bytes)
1651831135.092315 sending message 112 to peer 0x56264d9a5950 (12 bytes)
1651831135.092316 sending message 112 to peer 0x56264d9a5950 (13 bytes)
1651831135.092320 sending message 112 to peer 0x56264d9a5950 (13 bytes)
1651831135.092321 sending message 112 to peer 0x56264d9a5950 (13 bytes)
1651831135.092323 sending message 112 to peer 0x56264d9a5950 (13 bytes)
1651831135.092325 sending message 112 to peer 0x56264d9a5950 (13 bytes)
1651831135.092326 sending message 112 to peer 0x56264d9a5950 (13 bytes)
1651831135.092328 sending message 112 to peer 0x56264d9a5950 (13 bytes)
1651831135.092330 sending message 112 to peer 0x56264d9a5950 (13 bytes)
1651831135.092331 sending message 112 to peer 0x56264d9a5950 (12 bytes)
1651831135.092333 sending message 112 to peer 0x56264d9a5950 (10 bytes)
1651831135.092334 sending message 112 to peer 0x56264d9a5950 (12 bytes)
1651831135.092336 sending message 112 to peer 0x56264d9a5950 (12 bytes)
1651831135.092338 sending message 112 to peer 0x56264d9a5950 (12 bytes)
1651831135.092339 sending message 112 to peer 0x56264d9a5950 (13 bytes)
1651831135.092341 sending message 112 to peer 0x56264d9a5950 (13 bytes)
1651831135.092343 sending message 112 to peer 0x56264d9a5950 (13 bytes)
1651831135.092344 sending message 112 to peer 0x56264d9a5950 (13 bytes)
1651831135.092346 sending message 112 to peer 0x56264d9a5950 (13 bytes)
1651831135.092348 sending message 112 to peer 0x56264d9a5950 (13 bytes)
1651831135.092349 sending message 112 to peer 0x56264d9a5950 (13 bytes)
1651831135.092351 sending message 112 to peer 0x56264d9a5950 (10 bytes)
1651831135.092353 sending message 112 to peer 0x56264d9a5950 (13 bytes)
1651831135.092354 sending message 112 to peer 0x56264d9a5950 (12 bytes)
1651831135.092356 sending message 112 to peer 0x56264d9a5950 (12 bytes)
1651831135.092357 sending message 112 to peer 0x56264d9a5950 (12 bytes)
1651831135.092359 sending message 112 to peer 0x56264d9a5950 (10 bytes)
1651831135.092361 sending message 112 to peer 0x56264d9a5950 (10 bytes)
1651831135.092362 sending message 112 to peer 0x56264d9a5950 (10 bytes)
1651831135.092364 sending message 112 to peer 0x56264d9a5950 (12 bytes)
1651831135.092366 sending message 112 to peer 0x56264d9a5950 (13 bytes)
1651831135.092367 sending message 112 to peer 0x56264d9a5950 (13 bytes)
1651831135.092369 sending message 112 to peer 0x56264d9a5950 (13 bytes)
1651831135.092371 sending message 112 to peer 0x56264d9a5950 (13 bytes)
1651831135.092372 sending message 112 to peer 0x56264d9a5950 (13 bytes)
1651831135.092374 sending message 112 to peer 0x56264d9a5950 (11 bytes)
1651831135.092376 sending message 112 to peer 0x56264d9a5950 (11 bytes)
1651831135.092377 sending message 112 to peer 0x56264d9a5950 (12 bytes)
1651831135.092379 sending message 112 to peer 0x56264d9a5950 (12 bytes)
1651831135.092381 sending message 112 to peer 0x56264d9a5950 (12 bytes)
1651831135.092382 sending message 112 to peer 0x56264d9a5950 (12 bytes)
1651831135.092384 sending message 112 to peer 0x56264d9a5950 (12 bytes)
1651831135.092386 sending message 112 to peer 0x56264d9a5950 (11 bytes)
1651831135.092387 sending message 112 to peer 0x56264d9a5950 (12 bytes)
1651831135.092389 sending message 112 to peer 0x56264d9a5950 (12 bytes)
1651831135.092391 sending message 112 to peer 0x56264d9a5950 (13 bytes)
1651831135.092392 sending message 112 to peer 0x56264d9a5950 (13 bytes)
1651831135.092394 sending message 112 to peer 0x56264d9a5950 (13 bytes)
1651831135.092396 sending message 112 to peer 0x56264d9a5950 (13 bytes)
1651831135.092397 sending message 112 to peer 0x56264d9a5950 (13 bytes)
1651831135.092399 sending message 112 to peer 0x56264d9a5950 (10 bytes)
1651831135.092401 sending message 112 to peer 0x56264d9a5950 (9 bytes)
1651831135.092402 sending message 112 to peer 0x56264d9a5950 (12 bytes)
1651831135.092404 sending message 112 to peer 0x56264d9a5950 (13 bytes)
1651831135.092405 sending message 112 to peer 0x56264d9a5950 (13 bytes)
1651831135.092407 sending message 112 to peer 0x56264d9a5950 (13 bytes)
1651831135.092409 sending message 112 to peer 0x56264d9a5950 (13 bytes)
1651831135.092410 sending message 112 to peer 0x56264d9a5950 (13 bytes)
1651831135.092412 sending message 112 to peer 0x56264d9a5950 (9 bytes)
1651831135.092415 sending message 112 to peer 0x56264d9a5950 (12 bytes)
1651831135.092417 sending message 112 to peer 0x56264d9a5950 (13 bytes)
1651831135.092418 sending message 112 to peer 0x56264d9a5950 (13 bytes)
1651831135.092420 sending message 112 to peer 0x56264d9a5950 (13 bytes)
1651831135.092422 sending message 112 to peer 0x56264d9a5950 (13 bytes)
1651831135.092423 sending message 112 to peer 0x56264d9a5950 (13 bytes)
1651831135.092425 sending message 112 to peer 0x56264d9a5950 (11 bytes)
1651831135.092426 sending message 112 to peer 0x56264d9a5950 (12 bytes)
1651831135.092428 sending message 112 to peer 0x56264d9a5950 (13 bytes)
1651831135.092430 sending message 112 to peer 0x56264d9a5950 (13 bytes)
1651831135.092432 sending message 112 to peer 0x56264d9a5950 (13 bytes)
1651831135.092434 sending message 112 to peer 0x56264d9a5950 (13 bytes)
1651831135.092435 sending message 112 to peer 0x56264d9a5950 (13 bytes)
1651831135.092437 sending message 112 to peer 0x56264d9a5950 (11 bytes)
1651831135.092439 sending message 112 to peer 0x56264d9a5950 (12 bytes)
1651831135.092440 sending message 112 to peer 0x56264d9a5950 (12 bytes)
1651831135.092442 sending message 112 to peer 0x56264d9a5950 (12 bytes)
1651831135.092443 sending message 112 to peer 0x56264d9a5950 (12 bytes)
1651831135.092445 sending message 112 to peer 0x56264d9a5950 (12 bytes)
1651831135.092447 sending message 112 to peer 0x56264d9a5950 (21 bytes)
1651831135.092448 sending message 112 to peer 0x56264d9a5950 (12 bytes)
1651831135.092450 sending message 112 to peer 0x56264d9a5950 (9 bytes)
1651831135.092451 sending message 112 to peer 0x56264d9a5950 (6 bytes)
1651831135.092453 sending message 112 to peer 0x56264d9a5950 (8 bytes)
1651831135.092455 sending message 112 to peer 0x56264d9a5950 (15 bytes)
1651831135.092457 sending message 112 to peer 0x56264d9a5950 (13 bytes)
1651831135.092459 sending message 112 to peer 0x56264d9a5950 (9 bytes)
1651831135.092460 sending message 112 to peer 0x56264d9a5950 (70 bytes)
1651831135.092462 sending message 112 to peer 0x56264d9a5950 (69 bytes)
1651831135.092463 sending message 112 to peer 0x56264d9a5950 (10 bytes)
1651831135.092465 sending message 112 to peer 0x56264d9a5950 (10 bytes)
1651831135.092467 sending message 112 to peer 0x56264d9a5950 (8 bytes)
1651831135.092468 sending message 112 to peer 0x56264d9a5950 (15 bytes)
1651831135.092470 sending message 112 to peer 0x56264d9a5950 (13 bytes)
1651831135.092472 sending message 112 to peer 0x56264d9a5950 (10 bytes)
1651831135.092473 sending message 112 to peer 0x56264d9a5950 (10 bytes)
1651831135.092475 sending message 112 to peer 0x56264d9a5950 (17 bytes)
1651831135.092476 sending message 112 to peer 0x56264d9a5950 (10 bytes)
1651831135.092478 sending message 112 to peer 0x56264d9a5950 (13 bytes)
1651831135.092480 sending message 112 to peer 0x56264d9a5950 (9 bytes)
1651831135.092481 sending message 112 to peer 0x56264d9a5950 (5 bytes)
1651831135.092484 sending message 112 to peer 0x56264d9a5950 (15 bytes)
1651831135.092486 sending message 104 to peer 0x56264d9a5950 (0 bytes)
1651831135.092488 sending message 110 to peer 0x56264d9a5950 (0 bytes)
1651831135.092489 sending message 107 to peer 0x56264d9a5950 (4 bytes)
1651831135.092491 sending message 105 to peer 0x56264d9a5950 (40 bytes)
1651831135.092493 sending message 105 to peer 0x56264d9a5950 (59 bytes)
1651831135.092494 sending message 105 to peer 0x56264d9a5950 (20 bytes)
1651831135.092496 sending message 105 to peer 0x56264d9a5950 (54 bytes)
1651831135.092497 sending message 105 to peer 0x56264d9a5950 (23 bytes)
1651831135.092499 sending message 105 to peer 0x56264d9a5950 (11 bytes)
1651831135.092501 sending message 105 to peer 0x56264d9a5950 (21 bytes)
1651831135.092502 sending message 105 to peer 0x56264d9a5950 (160 bytes)
1651831135.092504 sending message 105 to peer 0x56264d9a5950 (18 bytes)
1651831135.092506 sending message 105 to peer 0x56264d9a5950 (64 bytes)
1651831135.092507 sending message 105 to peer 0x56264d9a5950 (35 bytes)
1651831135.092510 sending message 105 to peer 0x56264d9a5950 (24 bytes)
1651831135.092514 sending message 105 to peer 0x56264d9a5950 (33 bytes)
1651831135.092516 sending message 105 to peer 0x56264d9a5950 (44 bytes)
1651831135.092517 sending message 105 to peer 0x56264d9a5950 (23 bytes)
1651831135.092519 sending message 105 to peer 0x56264d9a5950 (32 bytes)
1651831135.092520 sending message 105 to peer 0x56264d9a5950 (28 bytes)
1651831135.092522 sending message 105 to peer 0x56264d9a5950 (21 bytes)
1651831135.092524 sending message 105 to peer 0x56264d9a5950 (28 bytes)
1651831135.092525 sending message 105 to peer 0x56264d9a5950 (33 bytes)
1651831135.092527 sending message 105 to peer 0x56264d9a5950 (19 bytes)
1651831135.092528 sending message 105 to peer 0x56264d9a5950 (47 bytes)
1651831135.092530 sending message 105 to peer 0x56264d9a5950 (45 bytes)
1651831135.092532 sending message 105 to peer 0x56264d9a5950 (23 bytes)
1651831135.092533 sending message 105 to peer 0x56264d9a5950 (18 bytes)
1651831135.092535 sending message 105 to peer 0x56264d9a5950 (17 bytes)
1651831135.092536 sending message 105 to peer 0x56264d9a5950 (23 bytes)
1651831135.092539 sending message 105 to peer 0x56264d9a5950 (30 bytes)
1651831135.092540 sending message 105 to peer 0x56264d9a5950 (27 bytes)
1651831135.092542 sending message 105 to peer 0x56264d9a5950 (24 bytes)
1651831135.092544 sending message 105 to peer 0x56264d9a5950 (20 bytes)
1651831135.092545 sending message 105 to peer 0x56264d9a5950 (23 bytes)
1651831135.092547 sending message 105 to peer 0x56264d9a5950 (21 bytes)
1651831135.092548 sending message 105 to peer 0x56264d9a5950 (25 bytes)
1651831135.092550 sending message 105 to peer 0x56264d9a5950 (20 bytes)
1651831135.092551 sending message 105 to peer 0x56264d9a5950 (8 bytes)
1651831135.092553 sending message 105 to peer 0x56264d9a5950 (16 bytes)
1651831135.092555 sending message 105 to peer 0x56264d9a5950 (32 bytes)
1651831135.092556 sending message 105 to peer 0x56264d9a5950 (1519 bytes)
1651831135.092568 sending message 105 to peer 0x56264d9a5950 (17 bytes)
1651831135.092570 sending message 105 to peer 0x56264d9a5950 (16 bytes)
1651831135.092571 sending message 105 to peer 0x56264d9a5950 (54 bytes)
1651831135.092573 sending message 105 to peer 0x56264d9a5950 (16 bytes)
1651831135.092575 sending message 105 to peer 0x56264d9a5950 (27 bytes)
1651831135.092576 sending message 105 to peer 0x56264d9a5950 (63 bytes)
1651831135.092578 sending message 105 to peer 0x56264d9a5950 (25 bytes)
1651831135.092580 sending message 105 to peer 0x56264d9a5950 (38 bytes)
1651831135.092582 sending message 105 to peer 0x56264d9a5950 (11 bytes)
1651831135.092583 sending message 105 to peer 0x56264d9a5950 (836 bytes)
1651831135.092585 sending message 105 to peer 0x56264d9a5950 (35 bytes)
1651831135.092587 sending message 105 to peer 0x56264d9a5950 (19 bytes)
1651831135.092588 sending message 105 to peer 0x56264d9a5950 (18 bytes)
1651831135.092590 sending message 105 to peer 0x56264d9a5950 (100 bytes)
1651831135.092592 sending message 105 to peer 0x56264d9a5950 (15 bytes)
1651831135.092594 sending message 105 to peer 0x56264d9a5950 (8 bytes)
1651831135.092595 sending message 105 to peer 0x56264d9a5950 (33 bytes)
1651831135.092597 sending message 105 to peer 0x56264d9a5950 (41 bytes)
1651831135.092599 sending message 105 to peer 0x56264d9a5950 (22 bytes)
1651831135.092600 sending message 105 to peer 0x56264d9a5950 (19 bytes)
1651831135.092602 sending message 105 to peer 0x56264d9a5950 (18 bytes)
1651831135.092604 sending message 105 to peer 0x56264d9a5950 (26 bytes)
1651831135.092605 sending message 105 to peer 0x56264d9a5950 (35 bytes)
1651831135.092607 sending message 105 to peer 0x56264d9a5950 (13 bytes)
1651831135.092609 sending message 105 to peer 0x56264d9a5950 (13 bytes)
1651831135.092610 sending message 105 to peer 0x56264d9a5950 (17 bytes)
1651831135.092612 sending message 105 to peer 0x56264d9a5950 (26 bytes)
1651831135.092613 sending message 105 to peer 0x56264d9a5950 (31 bytes)
1651831135.092615 sending message 105 to peer 0x56264d9a5950 (54 bytes)
1651831135.092618 sending message 105 to peer 0x56264d9a5950 (33 bytes)
1651831135.092620 sending message 105 to peer 0x56264d9a5950 (147 bytes)
1651831135.092622 sending message 105 to peer 0x56264d9a5950 (23 bytes)
1651831135.092623 sending message 105 to peer 0x56264d9a5950 (31 bytes)
1651831135.092625 sending message 105 to peer 0x56264d9a5950 (23 bytes)
1651831135.092627 sending message 105 to peer 0x56264d9a5950 (27 bytes)
1651831135.092628 sending message 105 to peer 0x56264d9a5950 (25 bytes)
1651831135.092630 sending message 105 to peer 0x56264d9a5950 (20 bytes)
1651831135.092631 sending message 105 to peer 0x56264d9a5950 (16 bytes)
1651831135.092633 sending message 105 to peer 0x56264d9a5950 (109 bytes)
1651831135.092635 sending message 105 to peer 0x56264d9a5950 (70 bytes)
1651831135.092637 sending message 105 to peer 0x56264d9a5950 (42 bytes)
1651831135.092638 sending message 106 to peer 0x56264d9a5950 (0 bytes)
1651831135.092642 sending message 200 to peer 0x56264d9a5950 (4 bytes)
1651831135.092644 client loop enter
1651831135.092910 peer 0x56264d9a5950 message 303
1651831135.092915 open write file 2 -
1651831135.092919 sending message 305 to peer 0x56264d9a5950 (8 bytes)
1651831135.092928 write check file 2
1651831135.093003 peer 0x56264d9a5950 message 304
1651831135.093007 write 58 to file 2
1651831135.093010 peer 0x56264d9a5950 message 203
1651831135.093012 file 2 58 bytes left
1651831135.093021 write check file 2
1651831135.093024 client loop exit
